<?xml version="1.0" encoding="UTF-8"?>
<!-- Generated by org.testng.reporters.JUnitReportReporter -->
<testsuite hostname="Lenovo-A" failures="0" tests="1" name="crm.ProdVendTest.CreateProductTest" time="21.821" errors="0" timestamp="2022-03-25T00:03:47 IST" skipped="0">
  <testcase classname="crm.ProdVendTest.CreateProductTest" name="productCreateTest" time="21.821"/>
  <system-out/>
</testsuite> <!-- crm.ProdVendTest.CreateProductTest -->
